PLINK v1.90b6.21 64-bit (19 Oct 2020)
Options in effect:
  --bfile EUR
  --exclude range myrange.txt
  --out EUR_removedrange_snplist
  --write-snplist

Hostname: QUT-LA00146414
Working directory: /media/anita/Elements SE/PostDoc/StatGenWorkshop2023/DataForTutorial/EUR
Start time: Wed Apr 12 12:48:04 2023

Random number seed: 1681267684
15782 MB RAM detected; reserving 7891 MB for main workspace.
551892 variants loaded from .bim file.
503 people (240 males, 263 females) loaded from .fam.
--exclude range: 1634 variants excluded.
--exclude range: 550258 variants remaining.
Using 1 thread (no multithreaded calculations invoked).
Before main variant filters, 503 founders and 0 nonfounders present.
Calculating allele frequencies... done.
Warning: 1806 het. haploid genotypes present (see EUR_removedrange_snplist.hh
); many commands treat these as missing.
Total genotyping rate is 0.97312.
550258 variants and 503 people pass filters and QC.
Note: No phenotypes present.
List of variant IDs written to EUR_removedrange_snplist.snplist .

End time: Wed Apr 12 12:48:04 2023
