PLINK v1.90b6.21 64-bit (19 Oct 2020)
Options in effect:
  --bfile EUR
  --extract EUR_QC2.prune.in
  --keep EUR_QC4_SelectedSamples.txt
  --out EUR_QC5
  --rel-cutoff 0.125

Hostname: QUT-LA00146414
Working directory: /media/anita/Elements SE/PostDoc/StatGenWorkshop2023/DataForTutorial/EUR
Start time: Wed Apr 12 14:48:58 2023

Random number seed: 1681274938
15782 MB RAM detected; reserving 7891 MB for main workspace.
551892 variants loaded from .bim file.
503 people (240 males, 263 females) loaded from .fam.
--extract: 268457 variants remaining.
--keep: 483 people remaining.
Using up to 8 threads (change this with --threads).
Before main variant filters, 483 founders and 0 nonfounders present.
Calculating allele frequencies... done.
Total genotyping rate in remaining samples is 0.999957.
268457 variants and 483 people pass filters and QC (before --rel-cutoff).
Note: No phenotypes present.
Excluding 5229 variants on non-autosomes from relationship matrix calc.
Relationship matrix calculation complete.
0 people excluded by --rel-cutoff.
Remaining sample IDs written to EUR_QC5.rel.id .

End time: Wed Apr 12 14:49:00 2023
