PLINK v1.90b6.21 64-bit (19 Oct 2020)
Options in effect:
  --bfile EUR
  --extract range myrange.txt
  --make-bed
  --out EUR_myrange

Hostname: QUT-LA00146414
Working directory: /media/anita/Elements SE/PostDoc/StatGenWorkshop2023/DataForTutorial/EUR
Start time: Wed Apr 12 12:21:14 2023

Random number seed: 1681266074
15782 MB RAM detected; reserving 7891 MB for main workspace.
551892 variants loaded from .bim file.
503 people (240 males, 263 females) loaded from .fam.
--extract range: 550258 variants excluded.
--extract range: 1634 variants remaining.
Using 1 thread (no multithreaded calculations invoked).
Before main variant filters, 503 founders and 0 nonfounders present.
Calculating allele frequencies... done.
Total genotyping rate is 0.972094.
1634 variants and 503 people pass filters and QC.
Note: No phenotypes present.
--make-bed to EUR_myrange.bed + EUR_myrange.bim + EUR_myrange.fam ... done.

End time: Wed Apr 12 12:21:14 2023
