PLINK v1.90b6.21 64-bit (19 Oct 2020)
Options in effect:
  --bfile EUR
  --make-just-fam
  --out EUR_removedsamples_famonly
  --remove removesamples.txt

Hostname: QUT-LA00146414
Working directory: /media/anita/Elements SE/PostDoc/StatGenWorkshop2023/DataForTutorial/EUR
Start time: Wed Apr 12 12:44:15 2023

Random number seed: 1681267455
15782 MB RAM detected; reserving 7891 MB for main workspace.
551892 variants loaded from .bim file.
503 people (240 males, 263 females) loaded from .fam.
--remove: 492 people remaining.
Using 1 thread (no multithreaded calculations invoked).
Before main variant filters, 492 founders and 0 nonfounders present.
Calculating allele frequencies... done.
Warning: 1806 het. haploid genotypes present (see EUR_removedsamples_famonly.hh
); many commands treat these as missing.
Total genotyping rate in remaining samples is 0.976416.
551892 variants and 492 people pass filters and QC.
Note: No phenotypes present.
--make-just-fam to EUR_removedsamples_famonly.fam ... done.

End time: Wed Apr 12 12:44:15 2023
