PLINK v1.90b6.21 64-bit (19 Oct 2020)
Options in effect:
  --bfile EUR
  --extract EUR_QC2.prune.in
  --het
  --keep EUR_QC1.fam
  --out EUR_QC3

Hostname: QUT-LA00146414
Working directory: /media/anita/Elements SE/PostDoc/StatGenWorkshop2023/DataForTutorial/EUR
Start time: Wed Apr 12 14:16:03 2023

Random number seed: 1681272963
15782 MB RAM detected; reserving 7891 MB for main workspace.
551892 variants loaded from .bim file.
503 people (240 males, 263 females) loaded from .fam.
--extract: 268457 variants remaining.
--keep: 489 people remaining.
Using 1 thread (no multithreaded calculations invoked).
Before main variant filters, 489 founders and 0 nonfounders present.
Calculating allele frequencies... done.
Warning: 558 het. haploid genotypes present (see EUR_QC3.hh ); many commands
treat these as missing.
Total genotyping rate in remaining samples is 0.999958.
268457 variants and 489 people pass filters and QC.
Note: No phenotypes present.
--het: 263228 variants scanned, report written to EUR_QC3.het .

End time: Wed Apr 12 14:16:04 2023
