PLINK v1.90b6.21 64-bit (19 Oct 2020)
Options in effect:
  --bfile EUR
  --chr 1-22
  --extract EUR_QC1.snplist
  --keep EUR_QC5.rel.id
  --make-bed
  --out EUR_QCFinal

Hostname: QUT-LA00146414
Working directory: /media/anita/Elements SE/PostDoc/StatGenWorkshop2023/DataForTutorial/EUR
Start time: Wed Apr 12 15:06:19 2023

Random number seed: 1681275979
15782 MB RAM detected; reserving 7891 MB for main workspace.
529502 out of 551892 variants loaded from .bim file.
503 people (240 males, 263 females) loaded from .fam.
--extract: 519070 variants remaining.
--keep: 483 people remaining.
Using 1 thread (no multithreaded calculations invoked).
Before main variant filters, 483 founders and 0 nonfounders present.
Calculating allele frequencies... done.
519070 variants and 483 people pass filters and QC.
Note: No phenotypes present.
--make-bed to EUR_QCFinal.bed + EUR_QCFinal.bim + EUR_QCFinal.fam ... done.

End time: Wed Apr 12 15:06:22 2023
