PLINK v1.90b6.21 64-bit (19 Oct 2020)
Options in effect:
  --bfile EUR
  --extract EUR_QC2.prune.in
  --keep EUR_QC5.rel.id
  --out EUR_PCs
  --pca 10

Hostname: QUT-LA00146414
Working directory: /media/anita/Elements SE/PostDoc/StatGenWorkshop2023/DataForTutorial/EUR
Start time: Wed Apr 12 15:13:51 2023

Random number seed: 1681276431
15782 MB RAM detected; reserving 7891 MB for main workspace.
551892 variants loaded from .bim file.
503 people (240 males, 263 females) loaded from .fam.
--extract: 268457 variants remaining.
--keep: 483 people remaining.
Using up to 8 threads (change this with --threads).
Before main variant filters, 483 founders and 0 nonfounders present.
Calculating allele frequencies... done.
Total genotyping rate in remaining samples is 0.999957.
268457 variants and 483 people pass filters and QC.
Note: No phenotypes present.
Excluding 5229 variants on non-autosomes from relationship matrix calc.
Relationship matrix calculation complete.
--pca: Results saved to EUR_PCs.eigenval and EUR_PCs.eigenvec .

End time: Wed Apr 12 15:13:54 2023
