PLINK v1.90b6.21 64-bit (19 Oct 2020)
Options in effect:
  --bfile EUR
  --keep mysamples.txt
  --make-bed
  --out EUR_mysamples

Hostname: QUT-LA00146414
Working directory: /media/anita/Elements SE/PostDoc/StatGenWorkshop2023/DataForTutorial/EUR
Start time: Wed Apr 12 10:49:45 2023

Random number seed: 1681260585
15782 MB RAM detected; reserving 7891 MB for main workspace.
551892 variants loaded from .bim file.
503 people (240 males, 263 females) loaded from .fam.
--keep: 11 people remaining.
Using 1 thread (no multithreaded calculations invoked).
Before main variant filters, 11 founders and 0 nonfounders present.
Calculating allele frequencies... done.
Total genotyping rate in remaining samples is 0.737584.
551892 variants and 11 people pass filters and QC.
Note: No phenotypes present.
--make-bed to EUR_mysamples.bed + EUR_mysamples.bim + EUR_mysamples.fam ...
done.

End time: Wed Apr 12 10:49:49 2023
